DEBUG:CIDAN:Program started
DEBUG:qdarkstyle:Reading QSS file in: :qdarkstyle/style.qss
INFO:qdarkstyle:QSS file sucessfuly loaded.
DEBUG:qdarkstyle:Checking patches for being applied.
INFO:qdarkstyle:Found OS patches to be applied.
INFO:qdarkstyle:Found application patches to be applied.
DEBUG:CIDAN:Program started
DEBUG:qdarkstyle:Reading QSS file in: :qdarkstyle/style.qss
INFO:qdarkstyle:QSS file sucessfuly loaded.
DEBUG:qdarkstyle:Checking patches for being applied.
INFO:qdarkstyle:Found OS patches to be applied.
INFO:qdarkstyle:Found application patches to be applied.
DEBUG:CIDAN:Program started
DEBUG:CIDAN:Program started
DEBUG:qdarkstyle:Reading QSS file in: :qdarkstyle/style.qss
INFO:qdarkstyle:QSS file sucessfuly loaded.
DEBUG:qdarkstyle:Checking patches for being applied.
INFO:qdarkstyle:Found OS patches to be applied.
INFO:qdarkstyle:Found application patches to be applied.
DEBUG:CIDAN:Program started
DEBUG:CIDAN:Program started
DEBUG:CIDAN:Program started
DEBUG:CIDAN:Program started
DEBUG:CIDAN:Program started
DEBUG:CIDAN:Program started
DEBUG:qdarkstyle:Reading QSS file in: :qdarkstyle/style.qss
INFO:qdarkstyle:QSS file sucessfuly loaded.
DEBUG:qdarkstyle:Checking patches for being applied.
INFO:qdarkstyle:Found OS patches to be applied.
INFO:qdarkstyle:Found application patches to be applied.
DEBUG:CIDAN:Program started
DEBUG:qdarkstyle:Reading QSS file in: :qdarkstyle/style.qss
INFO:qdarkstyle:QSS file sucessfuly loaded.
DEBUG:qdarkstyle:Checking patches for being applied.
INFO:qdarkstyle:Found OS patches to be applied.
INFO:qdarkstyle:Found application patches to be applied.
DEBUG:CIDAN.fileHandling:Trials:['8_6_14_d10_001.tif']
DEBUG:CIDAN.fileHandling:Trials:['8_6_14_d10_001.tif', '8_6_14_d10_007.tif', '8_6_14_d10_008.tif', '8_6_14_d10_009.tif']
DEBUG:CIDAN:Program started
DEBUG:CIDAN:Program started
DEBUG:qdarkstyle:Reading QSS file in: :qdarkstyle/style.qss
INFO:qdarkstyle:QSS file sucessfuly loaded.
DEBUG:qdarkstyle:Checking patches for being applied.
INFO:qdarkstyle:Found OS patches to be applied.
INFO:qdarkstyle:Found application patches to be applied.
DEBUG:CIDAN:Program started
DEBUG:qdarkstyle:Reading QSS file in: :qdarkstyle/style.qss
INFO:qdarkstyle:QSS file sucessfuly loaded.
DEBUG:qdarkstyle:Checking patches for being applied.
INFO:qdarkstyle:Found OS patches to be applied.
INFO:qdarkstyle:Found application patches to be applied.
DEBUG:CIDAN:Program started
DEBUG:qdarkstyle:Reading QSS file in: :qdarkstyle/style.qss
INFO:qdarkstyle:QSS file sucessfuly loaded.
DEBUG:qdarkstyle:Checking patches for being applied.
INFO:qdarkstyle:Found OS patches to be applied.
INFO:qdarkstyle:Found application patches to be applied.
DEBUG:CIDAN:Program started
DEBUG:qdarkstyle:Reading QSS file in: :qdarkstyle/style.qss
INFO:qdarkstyle:QSS file sucessfuly loaded.
DEBUG:qdarkstyle:Checking patches for being applied.
INFO:qdarkstyle:Found OS patches to be applied.
INFO:qdarkstyle:Found application patches to be applied.
DEBUG:CIDAN:Program started
DEBUG:qdarkstyle:Reading QSS file in: :qdarkstyle/style.qss
INFO:qdarkstyle:QSS file sucessfuly loaded.
DEBUG:qdarkstyle:Checking patches for being applied.
INFO:qdarkstyle:Found OS patches to be applied.
INFO:qdarkstyle:Found application patches to be applied.
DEBUG:CIDAN:Program started
DEBUG:qdarkstyle:Reading QSS file in: :qdarkstyle/style.qss
INFO:qdarkstyle:QSS file sucessfuly loaded.
DEBUG:qdarkstyle:Checking patches for being applied.
INFO:qdarkstyle:Found OS patches to be applied.
INFO:qdarkstyle:Found application patches to be applied.
DEBUG:CIDAN:Program started
DEBUG:qdarkstyle:Reading QSS file in: :qdarkstyle/style.qss
INFO:qdarkstyle:QSS file sucessfuly loaded.
DEBUG:qdarkstyle:Checking patches for being applied.
INFO:qdarkstyle:Found OS patches to be applied.
INFO:qdarkstyle:Found application patches to be applied.
DEBUG:CIDAN:Program started
DEBUG:qdarkstyle:Reading QSS file in: :qdarkstyle/style.qss
INFO:qdarkstyle:QSS file sucessfuly loaded.
DEBUG:qdarkstyle:Checking patches for being applied.
INFO:qdarkstyle:Found OS patches to be applied.
INFO:qdarkstyle:Found application patches to be applied.
DEBUG:CIDAN:Program started
DEBUG:qdarkstyle:Reading QSS file in: :qdarkstyle/style.qss
INFO:qdarkstyle:QSS file sucessfuly loaded.
DEBUG:qdarkstyle:Checking patches for being applied.
INFO:qdarkstyle:Found OS patches to be applied.
INFO:qdarkstyle:Found application patches to be applied.
DEBUG:CIDAN:Program started
DEBUG:qdarkstyle:Reading QSS file in: :qdarkstyle/style.qss
INFO:qdarkstyle:QSS file sucessfuly loaded.
DEBUG:qdarkstyle:Checking patches for being applied.
INFO:qdarkstyle:Found OS patches to be applied.
INFO:qdarkstyle:Found application patches to be applied.
DEBUG:CIDAN:Program started
DEBUG:qdarkstyle:Reading QSS file in: :qdarkstyle/style.qss
INFO:qdarkstyle:QSS file sucessfuly loaded.
DEBUG:qdarkstyle:Checking patches for being applied.
INFO:qdarkstyle:Found OS patches to be applied.
INFO:qdarkstyle:Found application patches to be applied.
DEBUG:CIDAN:Program started
DEBUG:qdarkstyle:Reading QSS file in: :qdarkstyle/style.qss
INFO:qdarkstyle:QSS file sucessfuly loaded.
DEBUG:qdarkstyle:Checking patches for being applied.
INFO:qdarkstyle:Found OS patches to be applied.
INFO:qdarkstyle:Found application patches to be applied.
DEBUG:CIDAN:Program started
DEBUG:qdarkstyle:Reading QSS file in: :qdarkstyle/style.qss
INFO:qdarkstyle:QSS file sucessfuly loaded.
DEBUG:qdarkstyle:Checking patches for being applied.
INFO:qdarkstyle:Found OS patches to be applied.
INFO:qdarkstyle:Found application patches to be applied.
DEBUG:CIDAN:Program started
DEBUG:qdarkstyle:Reading QSS file in: :qdarkstyle/style.qss
INFO:qdarkstyle:QSS file sucessfuly loaded.
DEBUG:qdarkstyle:Checking patches for being applied.
INFO:qdarkstyle:Found OS patches to be applied.
INFO:qdarkstyle:Found application patches to be applied.
DEBUG:CIDAN:Program started
DEBUG:qdarkstyle:Reading QSS file in: :qdarkstyle/style.qss
INFO:qdarkstyle:QSS file sucessfuly loaded.
DEBUG:qdarkstyle:Checking patches for being applied.
INFO:qdarkstyle:Found OS patches to be applied.
INFO:qdarkstyle:Found application patches to be applied.
DEBUG:CIDAN.LSSC.process_data:Inputs: num_threads 1,test_images False, test_output_dir ,
                 save_dir /Users/sschickler/Code Devel/LSSC-python/input_images/test31, save_intermediate_steps True,
                 load_data False, data_path ,
                 image_data [[[ 0  0 23 ... 18 26 34]
  [30  6  6 ... 27  0  0]
  [ 4  0  1 ... 14  0  8]
  ...
  [ 4 40 24 ... 12  1  3]
  [19  0  0 ...  0  0  0]
  [ 0  9  0 ...  0  4  0]]

 [[16  7  4 ... 34 38 43]
  [13 10  0 ... 25 29 27]
  [ 3  0  0 ... 29 39 39]
  ...
  [10 13 10 ... 20  0 27]
  [ 4  0  1 ...  0  0  0]
  [ 3  6 38 ...  0  0  4]]

 [[ 3 17  1 ... 19 61 38]
  [ 7 16  0 ... 27 45 56]
  [11  4  0 ... 37  0 21]
  ...
  [39 58 19 ... 44  0  6]
  [ 1  0 62 ...  0  0  0]
  [ 0 15 28 ...  0  0  0]]

 ...

 [[ 0  0  4 ...  0  7  8]
  [17 23  0 ...  0  0  0]
  [ 0 49  0 ...  5  0  0]
  ...
  [14 19  0 ...  1  0  0]
  [45  9  0 ...  7  0  6]
  [ 0 20 17 ...  0 45 19]]

 [[13  1  0 ...  0 15  0]
  [ 4  0  0 ...  8 13  0]
  [ 4  0  0 ... 36  0  0]
  ...
  [20 43  0 ... 24  6 23]
  [ 0  9 28 ...  3 18  0]
  [ 6  0 28 ... 20  7 46]]

 [[ 0 18 26 ... 16 31 60]
  [12  0  0 ...  0 26 16]
  [ 0  0  0 ... 15 35 28]
  ...
  [10 29 24 ... 11 23  9]
  [ 0  0 56 ...  0 12  0]
  [ 0 28 10 ...  0  0  0]]],
                 eigen_vectors_already_generated False,
                 save_embedding_images True,
                 total_num_time_steps 1, total_num_spatial_boxes 4,
                 spatial_overlap 15, filter False, median_filter False,
                 median_filter_size (1, 3, 3),
                 z_score False, slice_stack False,
                 slice_every 1, slice_start 0, metric l2, knn 20,
                 accuracy 39, connections 40, normalize_w_k 2, num_eig 50,
                 merge True,
                 num_rois 25, refinement True, num_eigen_vector_select 10,
                 max_iter 1000, roi_size_min 30, fill_holes True,
                 elbow_threshold_method True, elbow_threshold_value 1,
                 eigen_threshold_method True,
                 eigen_threshold_value 0.5, merge_temporal_coef 0.95,
                 roi_size_max 600
DEBUG:CIDAN.LSSC.process_data:image shape (99, 400, 150)
DEBUG:CIDAN.LSSC.SpatialBox:Spatial Box creation inputs: box num 0, total boxes 4, image shape (99, 400, 150), spatial overlap 15
DEBUG:CIDAN.LSSC.SpatialBox:Spatial box creation: Boxes per row 2, y_box_num 0, x_box_num 0, box cord 1 [0, 0], box cord 2 [215, 90], shape (99, 215, 90)
DEBUG:CIDAN.LSSC.SpatialBox:Spatial Box creation inputs: box num 1, total boxes 4, image shape (99, 400, 150), spatial overlap 15
DEBUG:CIDAN.LSSC.SpatialBox:Spatial box creation: Boxes per row 2, y_box_num 0, x_box_num 1, box cord 1 [185, 0], box cord 2 [400, 90], shape (99, 215, 90)
DEBUG:CIDAN.LSSC.SpatialBox:Spatial Box creation inputs: box num 2, total boxes 4, image shape (99, 400, 150), spatial overlap 15
DEBUG:CIDAN.LSSC.SpatialBox:Spatial box creation: Boxes per row 2, y_box_num 1, x_box_num 0, box cord 1 [0, 60], box cord 2 [215, 150], shape (99, 215, 90)
DEBUG:CIDAN.LSSC.SpatialBox:Spatial Box creation inputs: box num 3, total boxes 4, image shape (99, 400, 150), spatial overlap 15
DEBUG:CIDAN.LSSC.SpatialBox:Spatial box creation: Boxes per row 2, y_box_num 1, x_box_num 1, box cord 1 [185, 60], box cord 2 [400, 150], shape (99, 215, 90)
DEBUG:CIDAN.LSSC.process_data:Time box 0, start 0, end 99, time_box shape Delayed('getattr-7c69240a067609196d4d9c828cb12a9a'), 2d shape Delayed('getattr-4e4eca9d1ac27c5b13d20e779cc0db38')
DEBUG:CIDAN.LSSC.process_data:Time box 0, start 0, end 99, time_box shape Delayed('getattr-e7f5728a2862b18b966f55d903946494'), 2d shape Delayed('getattr-967a7f45fbe78ed8d2b11557f0d2620e')
DEBUG:CIDAN.LSSC.process_data:Time box 0, start 0, end 99, time_box shape Delayed('getattr-66c18f22ab83373e9a129457819ad0e1'), 2d shape Delayed('getattr-4cf1c3b04238775305993f814e775a8b')
DEBUG:CIDAN.LSSC.process_data:Time box 0, start 0, end 99, time_box shape Delayed('getattr-cef4a6fc57e77ab6431bee32fe3aa82d'), 2d shape Delayed('getattr-43fe5e79a98956573d3957c6b880d9dd')
DEBUG:PIL.PngImagePlugin:STREAM b'IHDR' 16 13
DEBUG:PIL.PngImagePlugin:STREAM b'IDAT' 41 26730
DEBUG:PIL.PngImagePlugin:STREAM b'IHDR' 16 13
DEBUG:PIL.PngImagePlugin:STREAM b'IDAT' 41 26730
DEBUG:CIDAN:Program started
DEBUG:qdarkstyle:Reading QSS file in: :qdarkstyle/style.qss
INFO:qdarkstyle:QSS file sucessfuly loaded.
DEBUG:qdarkstyle:Checking patches for being applied.
INFO:qdarkstyle:Found OS patches to be applied.
INFO:qdarkstyle:Found application patches to be applied.
DEBUG:CIDAN.LSSC.process_data:Inputs: num_threads 1,test_images False, test_output_dir ,
                 save_dir /Users/sschickler/Code Devel/LSSC-python/input_images/test31, save_intermediate_steps True,
                 load_data False, data_path ,
                 image_data [[[ 0  6  6 ... 26 26 26]
  [ 4  4  6 ... 26 14  8]
  [ 6  4  3 ... 14  8  8]
  ...
  [19 24 33 ...  1  1  1]
  [ 4  4  9 ...  1  0  0]
  [ 0  0  0 ...  0  0  0]]

 [[13  7  7 ... 34 34 38]
  [10  4  0 ... 30 34 39]
  [ 3  3  0 ... 29 29 35]
  ...
  [10 10 37 ...  1  0  0]
  [ 4  6 10 ...  0  0  0]
  [ 3  4  6 ...  0  0  0]]

 [[ 7  3  1 ... 45 38 45]
  [ 7  4  4 ... 27 37 38]
  [ 7  4  4 ... 23 21 21]
  ...
  [39 43 58 ...  0  0  0]
  [ 1 19 29 ...  0  0  0]
  [ 0 15 28 ...  0  0  0]]

 ...

 [[ 0  0  4 ...  7  0  7]
  [ 0  0 11 ...  0  0  0]
  [14 14 13 ...  0  0  0]
  ...
  [17 14  9 ...  3  3  6]
  [14 14  9 ...  4  1  6]
  [ 9 17 17 ... 11  7 19]]

 [[ 4  1  0 ... 13  0  0]
  [ 4  0  0 ...  8  0  0]
  [ 4  0  0 ...  8  8  0]
  ...
  [ 9  9 14 ...  6 15  6]
  [ 6  9 14 ...  6 18 18]
  [ 6  6  9 ...  7 18 18]]

 [[ 0 12 17 ... 16 26 31]
  [ 0  0  0 ... 16 26 28]
  [12  0  0 ... 26 24 26]
  ...
  [10 18 18 ... 14 12 12]
  [ 0 10 22 ...  0  0  0]
  [ 0 10 10 ...  0  0  0]]],
                 eigen_vectors_already_generated False,
                 save_embedding_images True,
                 total_num_time_steps 1, total_num_spatial_boxes 1,
                 spatial_overlap 15, filter False, median_filter False,
                 median_filter_size (1, 3, 3),
                 z_score False, slice_stack False,
                 slice_every 1, slice_start 0, metric l2, knn 20,
                 accuracy 39, connections 40, normalize_w_k 2, num_eig 50,
                 merge True,
                 num_rois 25, refinement True, num_eigen_vector_select 10,
                 max_iter 1000, roi_size_min 30, fill_holes True,
                 elbow_threshold_method True, elbow_threshold_value 1,
                 eigen_threshold_method True,
                 eigen_threshold_value 0.5, merge_temporal_coef 0.95,
                 roi_size_max 600
DEBUG:CIDAN.LSSC.process_data:image shape (99, 400, 150)
DEBUG:CIDAN.LSSC.SpatialBox:Spatial Box creation inputs: box num 0, total boxes 1, image shape (99, 400, 150), spatial overlap 15
DEBUG:CIDAN.LSSC.SpatialBox:Spatial box creation: Boxes per row 1, y_box_num 0, x_box_num 0, box cord 1 [0, 0], box cord 2 [400, 150], shape (99, 400, 150)
DEBUG:CIDAN.LSSC.process_data:Time box 0, start 0, end 99, time_box shape Delayed('getattr-3e16efb3416bc43504af31bebf202916'), 2d shape Delayed('getattr-c7c23ca52466a592b555980b51031cd3')
DEBUG:PIL.PngImagePlugin:STREAM b'IHDR' 16 13
DEBUG:PIL.PngImagePlugin:STREAM b'IDAT' 41 12943
DEBUG:PIL.PngImagePlugin:STREAM b'IHDR' 16 13
DEBUG:PIL.PngImagePlugin:STREAM b'IDAT' 41 12943
DEBUG:CIDAN.LSSC.process_data:Inputs: num_threads 1,test_images False, test_output_dir ,
                 save_dir /Users/sschickler/Code Devel/LSSC-python/input_images/test31, save_intermediate_steps True,
                 load_data False, data_path ,
                 image_data [[[-0.65465401 -0.19217756 -0.19217756 ...  1.63978485  1.63978485
    1.63978485]
  [-0.35851422 -0.35851422 -0.19217756 ...  1.63978485  0.68009327
    0.16438505]
  [-0.21044433 -0.35851422 -0.39294932 ...  0.68009327  0.16438505
    0.16438505]
  ...
  [ 0.75200996  1.39665614  2.03238582 ... -0.61050313 -0.60242569
   -0.60242569]
  [-0.35851422 -0.35851422  0.05499615 ... -0.61050313 -0.60242569
   -0.60242569]
  [-0.65465401 -0.65465401 -0.64060646 ... -0.66330084 -0.60242569
   -0.60242569]]

 [[ 0.15479534 -0.22717135 -0.22717135 ...  2.09506978  2.09506978
    2.45812509]
  [-0.02598639 -0.40383924 -0.64905472 ...  1.76207797  2.09506978
    2.54103681]
  [-0.45105726 -0.45105726 -0.64905472 ...  1.68635543  1.68635543
    2.29705939]
  ...
  [-0.02696044 -0.02696044  1.71637684 ... -0.61329733 -0.68198938
   -0.68198938]
  [-0.390472   -0.29423301 -0.03601602 ... -0.69252011 -0.68418783
   -0.68198938]
  [-0.45105726 -0.390472   -0.29423301 ... -0.69252011 -0.68418783
   -0.68198938]]

 [[-0.17150864 -0.40645199 -0.62690673 ...  3.05485466  2.39322279
    3.05485466]
  [-0.17150864 -0.40645199 -0.43980105 ...  1.5017419   2.33131897
    2.39322279]
  [-0.17150864 -0.40645199 -0.41407918 ...  1.36157576  1.03807957
    1.03807957]
  ...
  [ 1.70803813  2.0840413   2.85413191 ... -0.68490308 -0.63592089
   -0.63592089]
  [-0.52392366  0.53492814  1.14848377 ... -0.69215617 -0.69215617
   -0.63592089]
  [-0.5826595   0.23118529  1.11584557 ... -0.69215617 -0.69215617
   -0.63592089]]

 ...

 [[-0.77433752 -0.77433752 -0.54278042 ... -0.12988555 -0.70832783
   -0.12988555]
  [-0.77433752 -0.77433752  0.01671578 ... -0.69833899 -0.70832783
   -0.70832783]
  [ 0.23093151  0.23093151  0.15748021 ... -0.69833899 -0.70832783
   -0.70832783]
  ...
  [ 0.52835796  0.29847052 -0.12849496 ... -0.4761759  -0.4761759
   -0.23093755]
  [ 0.29847052  0.29847052 -0.12849496 ... -0.3763383  -0.64223549
   -0.23093755]
  [-0.12849496  0.40594502  0.40594502 ...  0.1871629  -0.1440567
    0.80340806]]

 [[-0.44338288 -0.69626053 -0.71825912 ...  0.42004298 -0.72875762
   -0.72875762]
  [-0.44338288 -0.71825912 -0.71825912 ...  0.02337547 -0.69720688
   -0.72875762]
  [-0.44338288 -0.71825912 -0.71825912 ...  0.02337547  0.02337547
   -0.69720688]
  ...
  [-0.04345253 -0.04345253  0.22975828 ... -0.1815531   0.6844998
   -0.1815531 ]
  [-0.29082103 -0.04345253  0.22975828 ... -0.1815531   0.84975446
    0.84975446]
  [-0.29082103 -0.29082103 -0.04345253 ... -0.09561081  0.84975446
    0.84975446]]

 [[-0.76129884  0.241785    0.50068519 ...  0.6677022   1.52575411
    1.95810155]
  [-0.76129884 -0.75422568 -0.75422568 ...  0.6677022   1.52575411
    1.66785477]
  [ 0.241785   -0.75422568 -0.77054996 ...  1.52575411  1.31065547
    1.52575411]
  ...
  [ 0.07460436  0.50068519  0.77959245 ...  0.46806115  0.31518128
    0.31518128]
  [-0.76129884  0.07460436  1.06455517 ... -0.68289644 -0.71157091
   -0.72245257]
  [-0.76129884  0.00359967  0.00359967 ... -0.71157091 -0.72245257
   -0.72732069]]],
                 eigen_vectors_already_generated True,
                 save_embedding_images True,
                 total_num_time_steps 1, total_num_spatial_boxes 1,
                 spatial_overlap 15, filter False, median_filter False,
                 median_filter_size (1, 3, 3),
                 z_score False, slice_stack False,
                 slice_every 1, slice_start 0, metric l2, knn 20,
                 accuracy 39, connections 40, normalize_w_k 2, num_eig 50,
                 merge True,
                 num_rois 25, refinement True, num_eigen_vector_select 10,
                 max_iter 1000, roi_size_min 30, fill_holes True,
                 elbow_threshold_method True, elbow_threshold_value 1,
                 eigen_threshold_method True,
                 eigen_threshold_value 0.5, merge_temporal_coef 0.95,
                 roi_size_max 600
DEBUG:CIDAN.LSSC.process_data:image shape (99, 400, 150)
DEBUG:CIDAN.LSSC.SpatialBox:Spatial Box creation inputs: box num 0, total boxes 1, image shape (99, 400, 150), spatial overlap 15
DEBUG:CIDAN.LSSC.SpatialBox:Spatial box creation: Boxes per row 1, y_box_num 0, x_box_num 0, box cord 1 [0, 0], box cord 2 [400, 150], shape (99, 400, 150)
DEBUG:CIDAN.LSSC.eigen:Eigen vector load: file name: eigen_vectors_box_0_0.pickle, directory: /Users/sschickler/Code Devel/LSSC-python/input_images/test31/eigen_vectors
DEBUG:CIDAN.LSSC.eigen:Eigen spatial box 0, time box 0 shape: (60000, 50)
DEBUG:PIL.PngImagePlugin:STREAM b'IHDR' 16 13
DEBUG:PIL.PngImagePlugin:STREAM b'IDAT' 41 12943
DEBUG:PIL.PngImagePlugin:STREAM b'IHDR' 16 13
DEBUG:PIL.PngImagePlugin:STREAM b'IDAT' 41 12943
DEBUG:CIDAN.LSSC.process_data:Inputs: num_threads 1,test_images False, test_output_dir ,
                 save_dir /Users/sschickler/Code Devel/LSSC-python/input_images/test31, save_intermediate_steps True,
                 load_data False, data_path ,
                 image_data [[[-0.65465401 -0.19217756 -0.19217756 ...  1.63978485  1.63978485
    1.63978485]
  [-0.35851422 -0.35851422 -0.19217756 ...  1.63978485  0.68009327
    0.16438505]
  [-0.21044433 -0.35851422 -0.39294932 ...  0.68009327  0.16438505
    0.16438505]
  ...
  [ 0.75200996  1.39665614  2.03238582 ... -0.61050313 -0.60242569
   -0.60242569]
  [-0.35851422 -0.35851422  0.05499615 ... -0.61050313 -0.60242569
   -0.60242569]
  [-0.65465401 -0.65465401 -0.64060646 ... -0.66330084 -0.60242569
   -0.60242569]]

 [[ 0.15479534 -0.22717135 -0.22717135 ...  2.09506978  2.09506978
    2.45812509]
  [-0.02598639 -0.40383924 -0.64905472 ...  1.76207797  2.09506978
    2.54103681]
  [-0.45105726 -0.45105726 -0.64905472 ...  1.68635543  1.68635543
    2.29705939]
  ...
  [-0.02696044 -0.02696044  1.71637684 ... -0.61329733 -0.68198938
   -0.68198938]
  [-0.390472   -0.29423301 -0.03601602 ... -0.69252011 -0.68418783
   -0.68198938]
  [-0.45105726 -0.390472   -0.29423301 ... -0.69252011 -0.68418783
   -0.68198938]]

 [[-0.17150864 -0.40645199 -0.62690673 ...  3.05485466  2.39322279
    3.05485466]
  [-0.17150864 -0.40645199 -0.43980105 ...  1.5017419   2.33131897
    2.39322279]
  [-0.17150864 -0.40645199 -0.41407918 ...  1.36157576  1.03807957
    1.03807957]
  ...
  [ 1.70803813  2.0840413   2.85413191 ... -0.68490308 -0.63592089
   -0.63592089]
  [-0.52392366  0.53492814  1.14848377 ... -0.69215617 -0.69215617
   -0.63592089]
  [-0.5826595   0.23118529  1.11584557 ... -0.69215617 -0.69215617
   -0.63592089]]

 ...

 [[-0.77433752 -0.77433752 -0.54278042 ... -0.12988555 -0.70832783
   -0.12988555]
  [-0.77433752 -0.77433752  0.01671578 ... -0.69833899 -0.70832783
   -0.70832783]
  [ 0.23093151  0.23093151  0.15748021 ... -0.69833899 -0.70832783
   -0.70832783]
  ...
  [ 0.52835796  0.29847052 -0.12849496 ... -0.4761759  -0.4761759
   -0.23093755]
  [ 0.29847052  0.29847052 -0.12849496 ... -0.3763383  -0.64223549
   -0.23093755]
  [-0.12849496  0.40594502  0.40594502 ...  0.1871629  -0.1440567
    0.80340806]]

 [[-0.44338288 -0.69626053 -0.71825912 ...  0.42004298 -0.72875762
   -0.72875762]
  [-0.44338288 -0.71825912 -0.71825912 ...  0.02337547 -0.69720688
   -0.72875762]
  [-0.44338288 -0.71825912 -0.71825912 ...  0.02337547  0.02337547
   -0.69720688]
  ...
  [-0.04345253 -0.04345253  0.22975828 ... -0.1815531   0.6844998
   -0.1815531 ]
  [-0.29082103 -0.04345253  0.22975828 ... -0.1815531   0.84975446
    0.84975446]
  [-0.29082103 -0.29082103 -0.04345253 ... -0.09561081  0.84975446
    0.84975446]]

 [[-0.76129884  0.241785    0.50068519 ...  0.6677022   1.52575411
    1.95810155]
  [-0.76129884 -0.75422568 -0.75422568 ...  0.6677022   1.52575411
    1.66785477]
  [ 0.241785   -0.75422568 -0.77054996 ...  1.52575411  1.31065547
    1.52575411]
  ...
  [ 0.07460436  0.50068519  0.77959245 ...  0.46806115  0.31518128
    0.31518128]
  [-0.76129884  0.07460436  1.06455517 ... -0.68289644 -0.71157091
   -0.72245257]
  [-0.76129884  0.00359967  0.00359967 ... -0.71157091 -0.72245257
   -0.72732069]]],
                 eigen_vectors_already_generated True,
                 save_embedding_images True,
                 total_num_time_steps 1, total_num_spatial_boxes 1,
                 spatial_overlap 15, filter False, median_filter False,
                 median_filter_size (1, 3, 3),
                 z_score False, slice_stack False,
                 slice_every 1, slice_start 0, metric l2, knn 20,
                 accuracy 39, connections 40, normalize_w_k 2, num_eig 50,
                 merge True,
                 num_rois 50, refinement True, num_eigen_vector_select 10,
                 max_iter 1000, roi_size_min 30, fill_holes True,
                 elbow_threshold_method True, elbow_threshold_value 1,
                 eigen_threshold_method True,
                 eigen_threshold_value 0.5, merge_temporal_coef 0.95,
                 roi_size_max 600
DEBUG:CIDAN.LSSC.process_data:image shape (99, 400, 150)
DEBUG:CIDAN.LSSC.SpatialBox:Spatial Box creation inputs: box num 0, total boxes 1, image shape (99, 400, 150), spatial overlap 15
DEBUG:CIDAN.LSSC.SpatialBox:Spatial box creation: Boxes per row 1, y_box_num 0, x_box_num 0, box cord 1 [0, 0], box cord 2 [400, 150], shape (99, 400, 150)
DEBUG:CIDAN.LSSC.eigen:Eigen vector load: file name: eigen_vectors_box_0_0.pickle, directory: /Users/sschickler/Code Devel/LSSC-python/input_images/test31/eigen_vectors
DEBUG:CIDAN.LSSC.eigen:Eigen spatial box 0, time box 0 shape: (60000, 50)
DEBUG:PIL.PngImagePlugin:STREAM b'IHDR' 16 13
DEBUG:PIL.PngImagePlugin:STREAM b'IDAT' 41 12943
DEBUG:PIL.PngImagePlugin:STREAM b'IHDR' 16 13
DEBUG:PIL.PngImagePlugin:STREAM b'IDAT' 41 12943
DEBUG:PIL.PngImagePlugin:STREAM b'IHDR' 16 13
DEBUG:PIL.PngImagePlugin:STREAM b'IDAT' 41 12943
